$SAGE: possibly delisted; no price data found  (period=6mo) (Yahoo error = "No data found, symbol may be delisted")
$BLUE: possibly delisted; no price data found  (period=6mo) (Yahoo error = "No data found, symbol may be delisted")
$BPMC: possibly delisted; no price data found  (period=6mo) (Yahoo error = "No data found, symbol may be delisted")
$RETA: possibly delisted; no price data found  (period=6mo) (Yahoo error = "No data found, symbol may be delisted")
============================================================
  BIOPHARMA AUTORESEARCH — EXPERIMENT RUN
============================================================

[evaluate] Running strategy against benchmark tickers...
  Gathering data for CRSP (CRISPR Therapeutics)...
  Gathering data for BEAM (Beam Therapeutics)...
  Gathering data for NTLA (Intellia Therapeutics)...
  Gathering data for EDIT (Editas Medicine)...
  Gathering data for PCVX (Vaxcyte)...
  Gathering data for DAWN (Day One Biopharmaceuticals)...
  Gathering data for IMVT (Immunovant)...
  Gathering data for PRME (Prime Medicine)...
  Gathering data for MDGL (Madrigal Pharmaceuticals)...
  Gathering data for KROS (Keros Therapeutics)...
  Gathering data for SRPT (Sarepta Therapeutics)...
  Gathering data for ARVN (Arvinas)...
  Gathering data for APLS (Apellis Pharmaceuticals)...
  Gathering data for BBIO (BridgeBio Pharma)...
  Gathering data for REGN (Regeneron Pharmaceuticals)...
  Gathering data for BIIB (Biogen)...
  Gathering data for ALNY (Alnylam Pharmaceuticals)...
  Gathering data for INCY (Incyte)...
  Gathering data for EXAS (Exact Sciences)...
  Gathering data for DNA (Ginkgo Bioworks)...
  Gathering data for SAGE (Sage Therapeutics)...
  Gathering data for BLUE (bluebird bio)...
  Gathering data for BMRN (BioMarin Pharmaceutical)...
  Gathering data for NVAX (Novavax)...
  Gathering data for VIR (Vir Biotechnology)...
  Gathering data for HALO (Halozyme Therapeutics)...
  Gathering data for PTCT (PTC Therapeutics)...
  Gathering data for RCKT (Rocket Pharmaceuticals)...
  Gathering data for RYTM (Rhythm Pharmaceuticals)...
  Gathering data for FATE (Fate Therapeutics)...
  Gathering data for IOVA (Iovance Biotherapeutics)...
  Gathering data for VRTX (Vertex Pharmaceuticals)...
  Gathering data for BPMC (Blueprint Medicines)...
  Gathering data for GILD (Gilead Sciences)...
  Gathering data for AMGN (Amgen)...
  Gathering data for ABBV (AbbVie)...
  Gathering data for MRNA (Moderna)...
  Gathering data for BNTX (BioNTech)...
  Gathering data for ROIV (Roivant Sciences)...
  Gathering data for RETA (Reata Pharmaceuticals)...
  Gathering data for UTHR (United Therapeutics)...

============================================================
Ticker   Set     Predicted     Actual      Error
-------- ------ ---------- ---------- ----------
CRSP     train     -0.2335    -0.2826     0.0491
BEAM     train     -0.0609    -0.0719     0.0110
NTLA     train     -0.1973    -0.2689     0.0716
EDIT     train     -0.2850    -0.3665     0.0815
PCVX     train     +0.4368    +0.5342     0.0974
DAWN     train     +0.4304    +1.0000     0.5696
IMVT     train     +0.3877    +0.4932     0.1055
PRME     train     -0.3200    -0.3647     0.0447
MDGL     train     +0.1087    +0.1525     0.0438
KROS     train     -0.2956    -0.3348     0.0392
SRPT     train     +0.0464    +0.0611     0.0147
ARVN     train     +0.1540    +0.1841     0.0300
APLS     train     -0.2274    -0.2508     0.0234
BBIO     train     +0.2633    +0.3414     0.0781
REGN     train     +0.2535    +0.3188     0.0653
BIIB     train     +0.2640    +0.3272     0.0632
ALNY     train     -0.2540    -0.2908     0.0368
INCY     train     +0.0590    +0.0764     0.0175
EXAS     train     +0.7855    +0.9653     0.1799
DNA      train     -0.4731    -0.5518     0.0786
SAGE     train     +0.0000        N/A        N/A
BLUE     train     +0.0000        N/A        N/A
BMRN     train     -0.0065    +0.0022     0.0087
NVAX     train     +0.0251    -0.0140     0.0391
VIR      train     +0.4335    +0.4920     0.0585
HALO     train     -0.1460    -0.1591     0.0130
PTCT     train     +0.0547    +0.0904     0.0357
RCKT     holdout    +0.1273    +0.1494     0.0221
RYTM     holdout    -0.2303    -0.2466     0.0163
FATE     holdout    +0.1516    +0.1700     0.0184
IOVA     holdout    +0.4806    +0.5740     0.0934
VRTX     holdout    +0.0677    +0.0955     0.0278
BPMC     holdout    +0.0000        N/A        N/A
GILD     holdout    +0.1716    +0.2067     0.0352
AMGN     holdout    +0.2379    +0.2910     0.0531
ABBV     holdout    -0.0475    -0.0473     0.0002
MRNA     holdout    +0.8144    +0.9566     0.1422
BNTX     holdout    -0.0924    -0.1266     0.0342
ROIV     holdout    +0.6072    +0.7563     0.1491
RETA     holdout    +0.0000        N/A        N/A
UTHR     holdout    +0.1901    +0.2322     0.0421

--- TRAIN (25 scored) ---
valuation_error:  0.041733
rank_correlation: 0.9885
dir_accuracy:     0.9200
mae:              0.0742

--- HOLDOUT ---
holdout_error:    0.010568
holdout_rank:     1.0000
holdout_dir:      1.0000

--- SUMMARY ---
num_total:        41
elapsed_seconds:  160.2
---
