============================================================
  BIOPHARMA AUTORESEARCH — EXPERIMENT RUN
============================================================

[evaluate] Running strategy against benchmark tickers...
  Gathering data for CRSP (CRISPR Therapeutics)...
  Gathering data for BEAM (Beam Therapeutics)...
  Gathering data for NTLA (Intellia Therapeutics)...
  Gathering data for EDIT (Editas Medicine)...
  Gathering data for PCVX (Vaxcyte)...
  Gathering data for DAWN (Day One Biopharmaceuticals)...
  Gathering data for IMVT (Immunovant)...
  Gathering data for PRME (Prime Medicine)...
  Gathering data for MDGL (Madrigal Pharmaceuticals)...
  Gathering data for BPMC (Blueprint Medicines)...
  Gathering data for KROS (Keros Therapeutics)...
  Gathering data for RCKT (Rocket Pharmaceuticals)...
  Gathering data for SRPT (Sarepta Therapeutics)...
  Gathering data for ARVN (Arvinas)...
  Gathering data for RYTM (Rhythm Pharmaceuticals)...
  Gathering data for APLS (Apellis Pharmaceuticals)...
  Gathering data for FATE (Fate Therapeutics)...
  Gathering data for BBIO (BridgeBio Pharma)...
  Gathering data for IOVA (Iovance Biotherapeutics)...
  Gathering data for VRTX (Vertex Pharmaceuticals)...

============================================================
Ticker    Predicted     Actual      Error
-------- ---------- ---------- ----------
CRSP        +0.0230    -0.2826     0.3056
BEAM        -0.7619    -0.0719     0.6900
NTLA        +0.3214    -0.2689     0.5903
EDIT        +0.2564    -0.3665     0.6228
PCVX        -0.6240    +0.5342     1.1582
DAWN        -0.0800    +1.0000     1.0800
IMVT        -0.3957    +0.4932     0.8889
PRME        -0.2815    -0.3647     0.0831
MDGL        -0.5841    +0.1525     0.7366
BPMC        +0.0000        N/A        N/A
KROS        +0.0981    -0.3348     0.4329
RCKT        +0.3674    +0.1494     0.2181
SRPT        +0.3735    +0.0611     0.3124
ARVN        +0.5671    +0.1841     0.3831
RYTM        -0.4439    -0.2466     0.1973
APLS        -0.0618    -0.2508     0.1890
FATE        +0.7546    +0.1700     0.5846
BBIO        -1.0000    +0.3414     1.3414
IOVA        +0.1318    +0.5740     0.4422
VRTX        -1.0000    +0.0955     1.0955

---
valuation_error:  0.561710
rank_correlation: -0.1373
dir_accuracy:     0.4737
mae:              0.5975
num_scored:       19
num_total:        20
elapsed_seconds:  63.8
---
